[    0.000000] Linux version 4.15.0-212-generic (buildd@lcy02-amd64-083) (gcc version 7.5.0 (Ubuntu 7.5.0-3ubuntu1~18.04)) #223-Ubuntu SMP Tue May 23 13:09:22 UTC 2023 (Ubuntu 4.15.0-212.223-generic 4.15.18)
[    0.000000] Command line: BOOT_IMAGE=/boot/vmlinuz-4.15.0-212-generic root=LABEL=cloudimg-rootfs ro console=tty1 console=ttyS0
[    0.000000] KERNEL supported cpus:
[    0.000000]   Intel GenuineIntel
[    0.000000]   AMD AuthenticAMD
[    0.000000]   Centaur CentaurHauls
[    0.000000] [Firmware Bug]: TSC doesn't count with P0 frequency!
[    0.000000] x86/fpu: x87 FPU will use FXSAVE
[    0.000000] e820: BIOS-provided physical RAM map:
[    0.000000] BIOS-e820: [mem 0x0000000000000000-0x000000000009fbff] usable
[    0.000000] BIOS-e820: [mem 0x000000000009fc00-0x000000000009ffff] reserved
[    0.000000] BIOS-e820: [mem 0x00000000000f0000-0x00000000000fffff] reserved
[    0.000000] BIOS-e820: [mem 0x0000000000100000-0x000000003ffeffff] usable
[    0.000000] BIOS-e820: [mem 0x000000003fff0000-0x000000003fffffff] ACPI data
[    0.000000] BIOS-e820: [mem 0x00000000fec00000-0x00000000fec00fff] reserved
[    0.000000] BIOS-e820: [mem 0x00000000fee00000-0x00000000fee00fff] reserved
[    0.000000] BIOS-e820: [mem 0x00000000fffc0000-0x00000000ffffffff] reserved
[    0.000000] NX (Execute Disable) protection: active
[    0.000000] SMBIOS 2.5 present.
[    0.000000] DMI: innotek GmbH VirtualBox/VirtualBox, BIOS VirtualBox 12/01/2006
[    0.000000] Hypervisor detected: KVM
[    0.000000] e820: last_pfn = 0x3fff0 max_arch_pfn = 0x400000000
[    0.000000] x86/PAT: Configuration [0-7]: WB  WC  UC- UC  WB  WP  UC- WT  
[    0.000000] CPU MTRRs all blank - virtualized system.
[    0.000000] found SMP MP-table at [mem 0x0009fbf0-0x0009fbff]
[    0.000000] Scanning 1 areas for low memory corruption
[    0.000000] RAMDISK: [mem 0x359cb000-0x36cdcfff]
[    0.000000] ACPI: Early table checksum verification disabled
[    0.000000] ACPI: RSDP 0x00000000000E0000 000024 (v02 VBOX  )
[    0.000000] ACPI: XSDT 0x000000003FFF0030 00003C (v01 VBOX   VBOXXSDT 00000001 ASL  00000061)
[    0.000000] ACPI: FACP 0x000000003FFF00F0 0000F4 (v04 VBOX   VBOXFACP 00000001 ASL  00000061)
[    0.000000] ACPI: DSDT 0x000000003FFF0610 002353 (v02 VBOX   VBOXBIOS 00000002 INTL 20100528)
[    0.000000] ACPI: FACS 0x000000003FFF0200 000040
[    0.000000] ACPI: FACS 0x000000003FFF0200 000040
[    0.000000] ACPI: APIC 0x000000003FFF0240 00005C (v02 VBOX   VBOXAPIC 00000001 ASL  00000061)
[    0.000000] ACPI: SSDT 0x000000003FFF02A0 00036C (v01 VBOX   VBOXCPUT 00000002 INTL 20100528)
[    0.000000] ACPI: Reserving FACP table memory at [mem 0x3fff00f0-0x3fff01e3]
[    0.000000] ACPI: Reserving DSDT table memory at [mem 0x3fff0610-0x3fff2962]
[    0.000000] ACPI: Reserving FACS table memory at [mem 0x3fff0200-0x3fff023f]
[    0.000000] ACPI: Reserving FACS table memory at [mem 0x3fff0200-0x3fff023f]
[    0.000000] ACPI: Reserving APIC table memory at [mem 0x3fff0240-0x3fff029b]
[    0.000000] ACPI: Reserving SSDT table memory at [mem 0x3fff02a0-0x3fff060b]
[    0.000000] No NUMA configuration found
[    0.000000] Faking a node at [mem 0x0000000000000000-0x000000003ffeffff]
[    0.000000] NODE_DATA(0) allocated [mem 0x3ffc5000-0x3ffeffff]
[    0.000000] kvm-clock: cpu 0, msr 0:3ff44001, primary cpu clock
[    0.000000] kvm-clock: Using msrs 4b564d01 and 4b564d00
[    0.000000] kvm-clock: using sched offset of 4785545618 cycles
[    0.000000] clocksource: kvm-clock: mask: 0xffffffffffffffff max_cycles: 0x1cd42e4dffb, max_idle_ns: 881590591483 ns
[    0.000000] Zone ranges:
[    0.000000]   DMA      [mem 0x0000000000001000-0x0000000000ffffff]
[    0.000000]   DMA32    [mem 0x0000000001000000-0x000000003ffeffff]
[    0.000000]   Normal   empty
[    0.000000]   Device   empty
[    0.000000] Movable zone start for each node
[    0.000000] Early memory node ranges
[    0.000000]   node   0: [mem 0x0000000000001000-0x000000000009efff]
[    0.000000]   node   0: [mem 0x0000000000100000-0x000000003ffeffff]
[    0.000000] Reserved but unavailable: 104 pages
[    0.000000] Initmem setup node 0 [mem 0x0000000000001000-0x000000003ffeffff]
[    0.000000] ACPI: PM-Timer IO Port: 0x4008
[    0.000000] IOAPIC[0]: apic_id 2, version 32, address 0xfec00000, GSI 0-23
[    0.000000] ACPI: INT_SRC_OVR (bus 0 bus_irq 0 global_irq 2 dfl dfl)
[    0.000000] ACPI: INT_SRC_OVR (bus 0 bus_irq 9 global_irq 9 low level)
[    0.000000] Using ACPI (MADT) for SMP configuration information
[    0.000000] smpboot: Allowing 2 CPUs, 0 hotplug CPUs
[    0.000000] PM: Registered nosave memory: [mem 0x00000000-0x00000fff]
[    0.000000] PM: Registered nosave memory: [mem 0x0009f000-0x0009ffff]
[    0.000000] PM: Registered nosave memory: [mem 0x000a0000-0x000effff]
[    0.000000] PM: Registered nosave memory: [mem 0x000f0000-0x000fffff]
[    0.000000] e820: [mem 0x40000000-0xfebfffff] available for PCI devices
[    0.000000] Booting paravirtualized kernel on KVM
[    0.000000] clocksource: refined-jiffies: mask: 0xffffffff max_cycles: 0xffffffff, max_idle_ns: 7645519600211568 ns
[    0.000000] setup_percpu: NR_CPUS:8192 nr_cpumask_bits:2 nr_cpu_ids:2 nr_node_ids:1
[    0.000000] percpu: Embedded 50 pages/cpu s167936 r8192 d28672 u1048576
[    0.000000] PV qspinlock hash table entries: 256 (order: 0, 4096 bytes)
[    0.000000] Built 1 zonelists, mobility grouping on.  Total pages: 257913
[    0.000000] Policy zone: DMA32
[    0.000000] Kernel command line: BOOT_IMAGE=/boot/vmlinuz-4.15.0-212-generic root=LABEL=cloudimg-rootfs ro console=tty1 console=ttyS0
[    0.000000] Memory: 982644K/1048120K available (12300K kernel code, 2477K rwdata, 4324K rodata, 2480K init, 2720K bss, 65476K reserved, 0K cma-reserved)
[    0.000000] SLUB: HWalign=64, Order=0-3, MinObjects=0, CPUs=2, Nodes=1
[    0.000000] ftrace: allocating 39508 entries in 155 pages
[    0.004000] Hierarchical RCU implementation.
[    0.004000] 	RCU restricting CPUs from NR_CPUS=8192 to nr_cpu_ids=2.
[    0.004000] 	Tasks RCU enabled.
[    0.004000] RCU: Adjusting geometry for rcu_fanout_leaf=16, nr_cpu_ids=2
[    0.004000] NR_IRQS: 524544, nr_irqs: 440, preallocated irqs: 16
[    0.004000] random: crng init done
[    0.004000] Console: colour VGA+ 80x25
[    0.004000] console [tty1] enabled
[    0.004000] console [ttyS0] enabled
[    0.004000] ACPI: Core revision 20170831
[    0.004000] ACPI: 2 ACPI AML tables successfully acquired and loaded
[    0.004000] APIC: Switch to symmetric I/O mode setup
[    0.004000] ..TIMER: vector=0x30 apic1=0 pin1=2 apic2=-1 pin2=-1
[    0.004007] tsc: Detected 2295.614 MHz processor
[    0.008010] Calibrating delay loop (skipped) preset value.. 4591.22 BogoMIPS (lpj=9182456)
[    0.012006] pid_max: default: 32768 minimum: 301
[    0.016153] Security Framework initialized
[    0.020008] Yama: becoming mindful.
[    0.024178] AppArmor: AppArmor initialized
[    0.042276] Dentry cache hash table entries: 131072 (order: 8, 1048576 bytes)
[    0.048712] Inode-cache hash table entries: 65536 (order: 7, 524288 bytes)
[    0.052171] Mount-cache hash table entries: 2048 (order: 2, 16384 bytes)
[    0.056232] Mountpoint-cache hash table entries: 2048 (order: 2, 16384 bytes)
[    0.062639] Last level iTLB entries: 4KB 1024, 2MB 1024, 4MB 512
[    0.064009] Last level dTLB entries: 4KB 1536, 2MB 1536, 4MB 768, 1GB 0
[    0.068009] Spectre V1 : Mitigation: usercopy/swapgs barriers and __user pointer sanitization
[    0.072009] Spectre V2 : Mitigation: Retpolines
[    0.076009] Spectre V2 : Spectre v2 / SpectreRSB mitigation: Filling RSB on context switch
[    0.080008] Spectre V2 : Spectre v2 / SpectreRSB : Filling RSB on VMEXIT
[    0.084008] RETBleed: Vulnerable
[    0.088231] Freeing SMP alternatives memory: 36K
[    0.220005] APIC calibration not consistent with PM-Timer: 108ms instead of 100ms
[    0.224000] APIC delta adjusted to PM-Timer: 6387861 (6917426)
[    0.224526] smpboot: CPU0: AMD Ryzen 7 3700U with Radeon Vega Mobile Gfx (family: 0x17, model: 0x18, stepping: 0x1)
[    0.232610] Performance Events: PMU not available due to virtualization, using software events only.
[    0.236179] Hierarchical SRCU implementation.
[    0.241033] NMI watchdog: Perf event create on CPU 0 failed with -2
[    0.244005] NMI watchdog: Perf NMI watchdog permanently disabled
[    0.252300] smp: Bringing up secondary CPUs ...
[    0.261060] x86: Booting SMP configuration:
[    0.264006] .... node  #0, CPUs:      #1
[    0.004000] kvm-clock: cpu 1, msr 0:3ff44041, secondary cpu clock
[    0.280143] smp: Brought up 1 node, 2 CPUs
[    0.284017] smpboot: Max logical packages: 1
[    0.288012] smpboot: Total of 2 processors activated (9182.45 BogoMIPS)
[    0.296312] devtmpfs: initialized
[    0.300770] x86/mm: Memory block size: 128MB
[    0.308719] evm: security.selinux
[    0.312006] evm: security.SMACK64
[    0.320005] evm: security.SMACK64EXEC
[    0.324004] evm: security.SMACK64TRANSMUTE
[    0.332005] evm: security.SMACK64MMAP
[    0.336005] evm: security.apparmor
[    0.344004] evm: security.ima
[    0.348004] evm: security.capability
[    0.357753] clocksource: jiffies: mask: 0xffffffff max_cycles: 0xffffffff, max_idle_ns: 7645041785100000 ns
[    0.360024] futex hash table entries: 512 (order: 3, 32768 bytes)
[    0.364287] pinctrl core: initialized pinctrl subsystem
[    0.369548] RTC time: 14:39:11, date: 07/13/25
[    0.377054] NET: Registered protocol family 16
[    0.380221] audit: initializing netlink subsys (disabled)
[    0.384472] audit: type=2000 audit(1752417556.335:1): state=initialized audit_enabled=0 res=1
[    0.400006] cpuidle: using governor ladder
[    0.412302] cpuidle: using governor menu
[    0.422294] ACPI: bus type PCI registered
[    0.424007] acpiphp: ACPI Hot Plug PCI Controller Driver version: 0.5
[    0.429006] PCI: Using configuration type 1 for base access
[    0.432007] PCI: Using configuration type 1 for extended access
[    0.444238] HugeTLB registered 2.00 MiB page size, pre-allocated 0 pages
[    0.456448] ACPI: Added _OSI(Module Device)
[    0.464011] ACPI: Added _OSI(Processor Device)
[    0.468005] ACPI: Added _OSI(3.0 _SCP Extensions)
[    0.472004] ACPI: Added _OSI(Processor Aggregator Device)
[    0.476015] ACPI: Added _OSI(Linux-Dell-Video)
[    0.480006] ACPI: Added _OSI(Linux-Lenovo-NV-HDMI-Audio)
[    0.484008] ACPI: Added _OSI(Linux-HPI-Hybrid-Graphics)
[    0.489216] ACPI: Executed 1 blocks of module-level executable AML code
[    0.499819] ACPI: Interpreter enabled
[    0.504032] ACPI: (supports S0 S5)
[    0.508004] ACPI: Using IOAPIC for interrupt routing
[    0.512967] PCI: Using host bridge windows from ACPI; if necessary, use "pci=nocrs" and report a bug
[    0.516632] ACPI: Enabled 2 GPEs in block 00 to 07
[    0.538348] ACPI: PCI Root Bridge [PCI0] (domain 0000 [bus 00-ff])
[    0.540016] acpi PNP0A03:00: _OSC: OS supports [ExtendedConfig ASPM ClockPM Segments MSI]
[    0.548972] acpi PNP0A03:00: _OSC: platform does not support [PCIeCapability]
[    0.556486] acpi PNP0A03:00: _OSC: not requesting control; platform does not support [PCIeCapability]
[    0.560013] acpi PNP0A03:00: _OSC: OS requested [PCIeHotplug PME AER PCIeCapability]
[    0.564007] acpi PNP0A03:00: _OSC: platform willing to grant [PCIeHotplug PME AER]
[    0.568012] acpi PNP0A03:00: _OSC failed (AE_SUPPORT); disabling ASPM
[    0.573113] PCI host bridge to bus 0000:00
[    0.576008] pci_bus 0000:00: root bus resource [io  0x0000-0x0cf7 window]
[    0.580007] pci_bus 0000:00: root bus resource [io  0x0d00-0xffff window]
[    0.584010] pci_bus 0000:00: root bus resource [mem 0x000a0000-0x000bffff window]
[    0.588009] pci_bus 0000:00: root bus resource [mem 0x40000000-0xfdffffff window]
[    0.592011] pci_bus 0000:00: root bus resource [bus 00-ff]
[    0.606282] pci 0000:00:01.1: legacy IDE quirk: reg 0x10: [io  0x01f0-0x01f7]
[    0.608007] pci 0000:00:01.1: legacy IDE quirk: reg 0x14: [io  0x03f6]
[    0.612008] pci 0000:00:01.1: legacy IDE quirk: reg 0x18: [io  0x0170-0x0177]
[    0.616011] pci 0000:00:01.1: legacy IDE quirk: reg 0x1c: [io  0x0376]
[    0.648850] pci 0000:00:07.0: quirk: [io  0x4000-0x403f] claimed by PIIX4 ACPI
[    0.652054] pci 0000:00:07.0: quirk: [io  0x4100-0x410f] claimed by PIIX4 SMB
[    0.668550] ACPI: PCI Interrupt Link [LNKA] (IRQs 5 9 10 *11)
[    0.672897] ACPI: PCI Interrupt Link [LNKB] (IRQs 5 9 *10 11)
[    0.680284] ACPI: PCI Interrupt Link [LNKC] (IRQs 5 *9 10 11)
[    0.684315] ACPI: PCI Interrupt Link [LNKD] (IRQs 5 9 10 *11)
[    0.689134] SCSI subsystem initialized
[    0.696307] pci 0000:00:02.0: vgaarb: setting as boot VGA device
[    0.700000] pci 0000:00:02.0: vgaarb: VGA device added: decodes=io+mem,owns=io+mem,locks=none
[    0.700015] pci 0000:00:02.0: vgaarb: bridge control possible
[    0.704007] vgaarb: loaded
[    0.708105] ACPI: bus type USB registered
[    0.712160] usbcore: registered new interface driver usbfs
[    0.716028] usbcore: registered new interface driver hub
[    0.720026] usbcore: registered new device driver usb
[    0.728396] EDAC MC: Ver: 3.0.0
[    0.736285] PCI: Using ACPI for IRQ routing
[    0.741036] NetLabel: Initializing
[    0.744005] NetLabel:  domain hash size = 128
[    0.748003] NetLabel:  protocols = UNLABELED CIPSOv4 CALIPSO
[    0.752025] NetLabel:  unlabeled traffic allowed by default
[    0.760549] clocksource: Switched to clocksource kvm-clock
[    0.794801] VFS: Disk quotas dquot_6.6.0
[    0.794801] VFS: Dquot-cache hash table entries: 512 (order 0, 4096 bytes)
[    0.794801] AppArmor: AppArmor Filesystem Enabled
[    0.794801] pnp: PnP ACPI init
[    0.794801] pnp: PnP ACPI: found 3 devices
[    0.940474] clocksource: acpi_pm: mask: 0xffffff max_cycles: 0xffffff, max_idle_ns: 2085701024 ns
[    0.944402] NET: Registered protocol family 2
[    0.944402] IP idents hash table entries: 16384 (order: 5, 131072 bytes)
[    0.969625] TCP established hash table entries: 8192 (order: 4, 65536 bytes)
[    0.978282] TCP bind hash table entries: 8192 (order: 5, 131072 bytes)
[    0.981802] TCP: Hash tables configured (established 8192 bind 8192)
[    0.981802] UDP hash table entries: 512 (order: 2, 16384 bytes)
[    0.981802] UDP-Lite hash table entries: 512 (order: 2, 16384 bytes)
[    0.981802] NET: Registered protocol family 1
[    0.981802] pci 0000:00:00.0: Limiting direct PCI/PCI transfers
[    0.981802] pci 0000:00:01.0: Activating ISA DMA hang workarounds
[    0.981802] pci 0000:00:02.0: Video device with shadowed ROM at [mem 0x000c0000-0x000dffff]
[    1.036459] Unpacking initramfs...
[    1.805758] Freeing initrd memory: 19528K
[    1.813857] clocksource: tsc: mask: 0xffffffffffffffff max_cycles: 0x2117060e56e, max_idle_ns: 440795272947 ns
[    1.826726] platform rtc_cmos: registered platform RTC device (no PNP device found)
[    1.838371] Scanning for low memory corruption every 60 seconds
[    1.849406] Initialise system trusted keyrings
[    1.857911] Key type blacklist registered
[    1.865471] workingset: timestamp_bits=36 max_order=18 bucket_order=0
[    1.877502] zbud: loaded
[    1.884540] squashfs: version 4.0 (2009/01/31) Phillip Lougher
[    1.895883] fuse init (API version 7.26)
[    1.969634] Key type asymmetric registered
[    1.975729] Asymmetric key parser 'x509' registered
[    1.982461] Block layer SCSI generic (bsg) driver version 0.4 loaded (major 246)
[    1.996862] io scheduler noop registered
[    2.003257] io scheduler deadline registered
[    2.010481] io scheduler cfq registered (default)
[    2.020027] ACPI: AC Adapter [AC] (on-line)
[    2.027462] input: Power Button as /devices/LNXSYSTM:00/LNXPWRBN:00/input/input0
[    2.038104] ACPI: Power Button [PWRF]
[    2.043961] input: Sleep Button as /devices/LNXSYSTM:00/LNXSLPBN:00/input/input1
[    2.054570] ACPI: Sleep Button [SLPF]
[    2.061357] Serial: 8250/16550 driver, 32 ports, IRQ sharing enabled
[    2.063835] ACPI: Battery Slot [BAT0] (battery present)
[    2.106276] 00:02: ttyS0 at I/O 0x3f8 (irq = 4, base_baud = 115200) is a 16550A
[    2.147654] Linux agpgart interface v0.103
[    2.179766] loop: module loaded
[    2.191614] scsi host0: ata_piix
[    2.199047] scsi host1: ata_piix
[    2.204318] ata1: PATA max UDMA/33 cmd 0x1f0 ctl 0x3f6 bmdma 0xd000 irq 14
[    2.213349] ata2: PATA max UDMA/33 cmd 0x170 ctl 0x376 bmdma 0xd008 irq 15
[    2.222933] tun: Universal TUN/TAP device driver, 1.6
[    2.233428] PPP generic driver version 2.4.2
[    2.240047] ehci_hcd: USB 2.0 'Enhanced' Host Controller (EHCI) Driver
[    2.249618] ehci-pci: EHCI PCI platform driver
[    2.256040] ehci-platform: EHCI generic platform driver
[    2.263060] ohci_hcd: USB 1.1 'Open' Host Controller (OHCI) Driver
[    2.271320] ohci-pci: OHCI PCI platform driver
[    2.289660] ohci-platform: OHCI generic platform driver
[    2.299749] uhci_hcd: USB Universal Host Controller Interface driver
[    2.307937] i8042: PNP: PS/2 Controller [PNP0303:PS2K,PNP0f03:PS2M] at 0x60,0x64 irq 1,12
[    2.330444] serio: i8042 KBD port at 0x60,0x64 irq 1
[    2.341252] serio: i8042 AUX port at 0x60,0x64 irq 12
[    2.351414] mousedev: PS/2 mouse device common for all mice
[    2.368924] input: AT Translated Set 2 keyboard as /devices/platform/i8042/serio0/input/input2
[    2.372612] rtc_cmos rtc_cmos: rtc core: registered rtc_cmos as rtc0
[    2.391689] rtc_cmos rtc_cmos: alarms up to one day, 114 bytes nvram
[    2.400068] i2c /dev entries driver
[    2.406848] device-mapper: uevent: version 1.0.3
[    2.422419] device-mapper: ioctl: 4.37.0-ioctl (2017-09-20) initialised: dm-devel@redhat.com
[    2.459971] ledtrig-cpu: registered to indicate activity on CPUs
[    2.473921] NET: Registered protocol family 10
[    2.498128] Segment Routing with IPv6
[    2.504449] NET: Registered protocol family 17
[    2.510839] Key type dns_resolver registered
[    2.517599] mce: Using 0 MCE banks
[    2.522680] RAS: Correctable Errors collector initialized.
[    2.530159] sched_clock: Marking stable (2530074557, 0)->(3698518587, -1168444030)
[    2.544142] registered taskstats version 1
[    2.550302] Loading compiled-in X.509 certificates
[    2.562527] Loaded X.509 cert 'Build time autogenerated kernel key: b5b26778eaa3ab3a4a6cee031137706e947d12ad'
[    2.575205] Loaded X.509 cert 'Canonical Ltd. Live Patch Signing: 14df34d1a87cf37625abec039ef2bf521249b969'
[    2.587513] Loaded X.509 cert 'Canonical Ltd. Kernel Module Signing: 88f752e560a1e0737e31163a466ad7b70a850c19'
[    2.599779] blacklist: Loading compiled-in revocation X.509 certificates
[    2.608135] Loaded X.509 cert 'Canonical Ltd. Secure Boot Signing: 61482aa2830d0ab2ad5af10b7250da9033ddcef0'
[    2.620126] Loaded X.509 cert 'Canonical Ltd. Secure Boot Signing (2017): 242ade75ac4a15e50d50c84b0d45ff3eae707a03'
[    2.632856] Loaded X.509 cert 'Canonical Ltd. Secure Boot Signing (ESM 2018): 365188c1d374d6b07c3c8f240f8ef722433d6a8b'
[    2.645714] Loaded X.509 cert 'Canonical Ltd. Secure Boot Signing (2019): c0746fd6c5da3ae827864651ad66ae47fe24b3e8'
[    2.658342] Loaded X.509 cert 'Canonical Ltd. Secure Boot Signing (2021 v1): a8d54bbb3825cfb94fa13c9f8a594a195c107b8d'
[    2.671350] Loaded X.509 cert 'Canonical Ltd. Secure Boot Signing (2021 v2): 4cf046892d6fd3c9a5b03f98d845f90851dc6a8c'
[    2.687038] Loaded X.509 cert 'Canonical Ltd. Secure Boot Signing (2021 v3): 100437bb6de6e469b581e61cd66bce3ef4ed53af'
[    2.701048] Loaded X.509 cert 'Canonical Ltd. Secure Boot Signing (Ubuntu Core 2019): c1d57b8f6b743f23ee41f4f7ee292f06eecadfb9'
[    2.714610] zswap: loaded using pool lzo/zbud
[    2.739812] Key type big_key registered
[    2.745080] Key type trusted registered
[    2.759852] Key type encrypted registered
[    2.765398] AppArmor: AppArmor sha1 policy hashing enabled
[    2.772525] ima: No TPM chip found, activating TPM-bypass! (rc=-19)
[    2.780275] ima: Allocated hash algorithm: sha1
[    2.786626] evm: HMAC attrs: 0x1
[    2.792412]   Magic number: 1:600:687
[    2.798571] rtc_cmos rtc_cmos: setting system clock to 2025-07-13 14:39:13 UTC (1752417553)
[    2.810948] BIOS EDD facility v0.16 2004-Jun-25, 0 devices found
[    2.821160] EDD information not available.
[    2.831339] Freeing unused kernel image memory: 2480K
[    2.853144] Write protecting the kernel read-only data: 20480k
[    2.867091] Freeing unused kernel image memory: 2008K
[    2.874654] Freeing unused kernel image memory: 1820K
[    2.888977] x86/mm: Checked W+X mappings: passed, no W+X pages found.
Loading, please wait...
starting version 237
[    3.038637] Fusion MPT base driver 3.04.20
[    3.044404] Copyright (c) 1999-2008 LSI Corporation
[    3.062277] e1000: Intel(R) PRO/1000 Network Driver - version 7.3.21-k8-NAPI
[    3.074635] e1000: Copyright (c) 1999-2006 Intel Corporation.
[    3.137238] Fusion MPT SPI Host driver 3.04.20
[    3.146213] SSE version of gcm_enc/dec engaged.
[    3.339408] input: ImExPS/2 Generic Explorer Mouse as /devices/platform/i8042/serio1/input/input4
[    3.961524] e1000 0000:00:03.0 eth0: (PCI:33MHz:32-bit) 02:3b:7b:b7:3b:2d
[    3.970138] e1000 0000:00:03.0 eth0: Intel(R) PRO/1000 Network Connection
[    3.981762] e1000 0000:00:03.0 enp0s3: renamed from eth0
[    3.983389] mptbase: ioc0: Initiating bringup
[    4.115543] ioc0: LSI53C1030 A0: Capabilities={Initiator}
[    4.391025] scsi host2: ioc0: LSI53C1030 A0, FwRev=00000000h, Ports=1, MaxQ=256, IRQ=20
[    4.570768] scsi 2:0:0:0: Direct-Access     VBOX     HARDDISK         1.0  PQ: 0 ANSI: 5
[    4.612909] scsi target2:0:0: Beginning Domain Validation
[    4.632562] scsi target2:0:0: Domain Validation skipping write tests
[    4.639720] scsi target2:0:0: Ending Domain Validation
[    4.645938] scsi target2:0:0: asynchronous
[    4.652762] scsi 2:0:1:0: Direct-Access     VBOX     HARDDISK         1.0  PQ: 0 ANSI: 5
[    5.037946] scsi target2:0:1: Beginning Domain Validation
[    5.056408] scsi target2:0:1: Domain Validation skipping write tests
[    5.064301] scsi target2:0:1: Ending Domain Validation
[    5.071005] scsi target2:0:1: asynchronous
[    5.097439] sd 2:0:0:0: Attached scsi generic sg0 type 0
[    5.107653] sd 2:0:1:0: Attached scsi generic sg1 type 0
[    5.115452] sd 2:0:0:0: [sda] 83886080 512-byte logical blocks: (42.9 GB/40.0 GiB)
[    5.128754] sd 2:0:0:0: [sda] Write Protect is off
[    5.128851] sd 2:0:1:0: [sdb] 20480 512-byte logical blocks: (10.5 MB/10.0 MiB)
[    5.149948] sd 2:0:1:0: [sdb] Write Protect is off
[    5.150164] sd 2:0:0:0: [sda] Incomplete mode parameter data
[    5.165123] sd 2:0:0:0: [sda] Assuming drive cache: write through
[    5.172883] sd 2:0:1:0: [sdb] Incomplete mode parameter data
[    5.178392]  sda: sda1
[    5.184660] sd 2:0:1:0: [sdb] Assuming drive cache: write through
[    5.193538] sd 2:0:0:0: [sda] Attached SCSI disk
[    5.220776] sd 2:0:1:0: [sdb] Attached SCSI disk
Begin: Loading essential drivers ... 